18/03/14 09:19:26 INFO SparkContext: Running Spark version 2.0.1
18/03/14 09:19:27 WARN NativeCodeLoader: Unable to load native-hadoop library for your platform... using builtin-java classes where applicable
18/03/14 09:19:27 INFO SecurityManager: Changing view acls to: H15748
18/03/14 09:19:27 INFO SecurityManager: Changing modify acls to: H15748
18/03/14 09:19:27 INFO SecurityManager: Changing view acls groups to: 
18/03/14 09:19:27 INFO SecurityManager: Changing modify acls groups to: 
18/03/14 09:19:27 INFO SecurityManager: SecurityManager: authentication disabled; ui acls disabled; users  with view permissions: Set(H15748); groups with view permissions: Set(); users  with modify permissions: Set(H15748); groups with modify permissions: Set()
18/03/14 09:19:28 INFO Utils: Successfully started service 'sparkDriver' on port 62410.
18/03/14 09:19:28 INFO SparkEnv: Registering MapOutputTracker
18/03/14 09:19:28 INFO SparkEnv: Registering BlockManagerMaster
18/03/14 09:19:28 INFO DiskBlockManager: Created local directory at C:\Users\H15748\AppData\Local\Temp\blockmgr-ca1f07af-e49a-4dd8-be73-4edeba818d39
18/03/14 09:19:28 INFO MemoryStore: MemoryStore started with capacity 366.3 MB
18/03/14 09:19:28 INFO SparkEnv: Registering OutputCommitCoordinator
18/03/14 09:19:28 INFO Utils: Successfully started service 'SparkUI' on port 4040.
18/03/14 09:19:28 INFO SparkUI: Bound SparkUI to 127.0.0.1, and started at http://127.0.0.1:4040
18/03/14 09:19:28 INFO SparkContext: Added JAR file:/C:/Users/H15748/Documents/R/win-library/3.4/sparklyr/java/sparklyr-2.0-2.11.jar at spark://127.0.0.1:62410/jars/sparklyr-2.0-2.11.jar with timestamp 1521040768844
18/03/14 09:19:28 INFO Executor: Starting executor ID driver on host localhost
18/03/14 09:19:28 INFO Utils: Successfully started service 'org.apache.spark.network.netty.NettyBlockTransferService' on port 62431.
18/03/14 09:19:28 INFO NettyBlockTransferService: Server created on 127.0.0.1:62431
18/03/14 09:19:29 INFO BlockManagerMaster: Registering BlockManager BlockManagerId(driver, 127.0.0.1, 62431)
18/03/14 09:19:29 INFO BlockManagerMasterEndpoint: Registering block manager 127.0.0.1:62431 with 366.3 MB RAM, BlockManagerId(driver, 127.0.0.1, 62431)
18/03/14 09:19:29 INFO BlockManagerMaster: Registered BlockManager BlockManagerId(driver, 127.0.0.1, 62431)
18/03/14 09:19:29 WARN SparkContext: Use an existing SparkContext, some configuration may not take effect.
18/03/14 09:19:30 WARN SparkContext: Use an existing SparkContext, some configuration may not take effect.
18/03/14 09:19:30 INFO HiveSharedState: Warehouse path is 'C:UsersH15748AppDataLocalsparkspark-2.0.1-bin-hadoop2.7	mphive'.
18/03/14 09:19:30 INFO SparkSqlParser: Parsing command: SHOW TABLES
18/03/14 09:19:30 INFO HiveUtils: Initializing HiveMetastoreConnection version 1.2.1 using Spark classes.
18/03/14 09:19:31 INFO HiveMetaStore: 0: Opening raw store with implemenation class:org.apache.hadoop.hive.metastore.ObjectStore
18/03/14 09:19:31 INFO ObjectStore: ObjectStore, initialize called
18/03/14 09:19:32 INFO Persistence: Propiedad hive.metastore.integral.jdo.pushdown desconocida - vamos a ignorarla
18/03/14 09:19:32 INFO Persistence: Propiedad datanucleus.cache.level2 desconocida - vamos a ignorarla
18/03/14 09:19:33 INFO ObjectStore: Setting MetaStore object pin classes with hive.metastore.cache.pinobjtypes="Table,StorageDescriptor,SerDeInfo,Partition,Database,Type,FieldSchema,Order"
18/03/14 09:19:34 INFO Datastore: La clase "org.apache.hadoop.hive.metastore.model.MFieldSchema" es "embedded-only" asi que no tiene su propia tabla.
18/03/14 09:19:34 INFO Datastore: La clase "org.apache.hadoop.hive.metastore.model.MOrder" es "embedded-only" asi que no tiene su propia tabla.
18/03/14 09:19:34 INFO Datastore: La clase "org.apache.hadoop.hive.metastore.model.MFieldSchema" es "embedded-only" asi que no tiene su propia tabla.
18/03/14 09:19:34 INFO Datastore: La clase "org.apache.hadoop.hive.metastore.model.MOrder" es "embedded-only" asi que no tiene su propia tabla.
18/03/14 09:19:34 INFO MetaStoreDirectSql: Using direct SQL, underlying DB is DERBY
18/03/14 09:19:34 INFO ObjectStore: Initialized ObjectStore
18/03/14 09:19:35 WARN ObjectStore: Version information not found in metastore. hive.metastore.schema.verification is not enabled so recording the schema version 1.2.0
18/03/14 09:19:35 WARN ObjectStore: Failed to get database default, returning NoSuchObjectException
18/03/14 09:19:35 INFO HiveMetaStore: Added admin role in metastore
18/03/14 09:19:35 INFO HiveMetaStore: Added public role in metastore
18/03/14 09:19:35 INFO HiveMetaStore: No user is added in admin role, since config is empty
18/03/14 09:19:35 INFO HiveMetaStore: 0: get_all_databases
18/03/14 09:19:35 INFO audit: ugi=H15748	ip=unknown-ip-addr	cmd=get_all_databases	
18/03/14 09:19:35 INFO HiveMetaStore: 0: get_functions: db=default pat=*
18/03/14 09:19:35 INFO audit: ugi=H15748	ip=unknown-ip-addr	cmd=get_functions: db=default pat=*	
18/03/14 09:19:35 INFO Datastore: La clase "org.apache.hadoop.hive.metastore.model.MResourceUri" es "embedded-only" asi que no tiene su propia tabla.
18/03/14 09:19:36 INFO SessionState: Created local directory: C:/Users/H15748/AppData/Local/Temp/5acb1a91-7f79-4a5e-b642-70d5ccb80544_resources
18/03/14 09:19:36 INFO SessionState: Created HDFS directory: C:/Users/H15748/AppData/Local/spark/spark-2.0.1-bin-hadoop2.7/tmp/hive/H15748/5acb1a91-7f79-4a5e-b642-70d5ccb80544
18/03/14 09:19:36 INFO SessionState: Created local directory: C:/Users/H15748/AppData/Local/spark/spark-2.0.1-bin-hadoop2.7/tmp/hive/5acb1a91-7f79-4a5e-b642-70d5ccb80544
18/03/14 09:19:36 INFO SessionState: Created HDFS directory: C:/Users/H15748/AppData/Local/spark/spark-2.0.1-bin-hadoop2.7/tmp/hive/H15748/5acb1a91-7f79-4a5e-b642-70d5ccb80544/_tmp_space.db
18/03/14 09:19:36 INFO HiveClientImpl: Warehouse location for Hive client (version 1.2.1) is C:UsersH15748AppDataLocalsparkspark-2.0.1-bin-hadoop2.7	mphive
18/03/14 09:19:37 INFO SessionState: Created local directory: C:/Users/H15748/AppData/Local/Temp/9a1edc8b-61a5-44cd-8814-26455df4a7e0_resources
18/03/14 09:19:37 INFO SessionState: Created HDFS directory: C:/Users/H15748/AppData/Local/spark/spark-2.0.1-bin-hadoop2.7/tmp/hive/H15748/9a1edc8b-61a5-44cd-8814-26455df4a7e0
18/03/14 09:19:37 INFO SessionState: Created local directory: C:/Users/H15748/AppData/Local/spark/spark-2.0.1-bin-hadoop2.7/tmp/hive/9a1edc8b-61a5-44cd-8814-26455df4a7e0
18/03/14 09:19:37 INFO SessionState: Created HDFS directory: C:/Users/H15748/AppData/Local/spark/spark-2.0.1-bin-hadoop2.7/tmp/hive/H15748/9a1edc8b-61a5-44cd-8814-26455df4a7e0/_tmp_space.db
18/03/14 09:19:37 INFO HiveClientImpl: Warehouse location for Hive client (version 1.2.1) is C:UsersH15748AppDataLocalsparkspark-2.0.1-bin-hadoop2.7	mphive
18/03/14 09:19:37 INFO HiveMetaStore: 0: create_database: Database(name:default, description:default database, locationUri:file:/C:UsersH15748AppDataLocalsparkspark-2.0.1-bin-hadoop2.7	mphive, parameters:{})
18/03/14 09:19:37 INFO audit: ugi=H15748	ip=unknown-ip-addr	cmd=create_database: Database(name:default, description:default database, locationUri:file:/C:UsersH15748AppDataLocalsparkspark-2.0.1-bin-hadoop2.7	mphive, parameters:{})	
18/03/14 09:19:39 INFO HiveMetaStore: 0: get_database: default
18/03/14 09:19:39 INFO audit: ugi=H15748	ip=unknown-ip-addr	cmd=get_database: default	
18/03/14 09:19:39 INFO HiveMetaStore: 0: get_database: default
18/03/14 09:19:39 INFO audit: ugi=H15748	ip=unknown-ip-addr	cmd=get_database: default	
18/03/14 09:19:40 INFO HiveMetaStore: 0: get_tables: db=default pat=*
18/03/14 09:19:40 INFO audit: ugi=H15748	ip=unknown-ip-addr	cmd=get_tables: db=default pat=*	
18/03/14 09:19:40 WARN SparkSession$Builder: Use an existing SparkSession, some configuration may not take effect.
18/03/14 09:19:40 INFO SparkSqlParser: Parsing command: SHOW TABLES
18/03/14 09:19:40 INFO HiveMetaStore: 0: get_database: default
18/03/14 09:19:40 INFO audit: ugi=H15748	ip=unknown-ip-addr	cmd=get_database: default	
18/03/14 09:19:40 INFO HiveMetaStore: 0: get_database: default
18/03/14 09:19:40 INFO audit: ugi=H15748	ip=unknown-ip-addr	cmd=get_database: default	
18/03/14 09:19:40 INFO HiveMetaStore: 0: get_tables: db=default pat=*
18/03/14 09:19:40 INFO audit: ugi=H15748	ip=unknown-ip-addr	cmd=get_tables: db=default pat=*	
18/03/14 09:20:47 INFO SparkContext: Invoking stop() from shutdown hook
18/03/14 09:20:47 INFO SparkUI: Stopped Spark web UI at http://127.0.0.1:4040
18/03/14 09:20:47 INFO MapOutputTrackerMasterEndpoint: MapOutputTrackerMasterEndpoint stopped!
18/03/14 09:20:47 INFO MemoryStore: MemoryStore cleared
18/03/14 09:20:47 INFO BlockManager: BlockManager stopped
18/03/14 09:20:47 INFO BlockManagerMaster: BlockManagerMaster stopped
18/03/14 09:20:47 INFO OutputCommitCoordinator$OutputCommitCoordinatorEndpoint: OutputCommitCoordinator stopped!
18/03/14 09:20:47 INFO SparkContext: Successfully stopped SparkContext
18/03/14 09:20:47 INFO ShutdownHookManager: Shutdown hook called
18/03/14 09:20:47 INFO ShutdownHookManager: Deleting directory C:\Users\H15748\AppData\Local\Temp\spark-cd21b2db-fb90-486d-ba0a-7e15b1a3c817
